
> reffo-beacon@0.1.5 start
> node dist/index.js

[DB] SQLite initialized
[Skills] Loaded 0 skill(s): none
[Sync] Registered with Reffo.ai
[Sync] Offer 9684dc49-2ef9-4c11-b6e8-9b17f6c3c46e references unknown ref 454607d7-4467-4010-bee4-e1d3948adabd, skipping
[DHT] Joined Pelagora network. Topic: 3d95ca7bce21e8c1...
[Beacon] Reffo Beacon running on http://localhost:3737
[Beacon] ID: 40964ecf-ed58-4e...
[Beacon] Endpoints:
         GET  /              - Web UI
         GET  /health        - Beacon status
         GET  /taxonomy      - Category taxonomy
         GET  /refs          - List refs
         POST /refs          - Create ref
         POST /refs/:id/media - Upload media
         GET  /offers        - List offers
         POST /offers        - Create offer
         GET  /negotiations  - List negotiations
         POST /negotiations  - Create proposal
         GET  /search?q=...  - Search peer network
[DHT] Peer connected: 0206f813...
[DHT] Received announcement from 40964ecf...
[DHT] Peer connected: d87d4c36...
[DHT] Received announcement from 40964ecf...
[DHT] Peer disconnected: 0206f813...
[DHT] Peer connected: 13f6ea05...
[DHT] Received announcement from 40964ecf...
[DHT] Peer disconnected: d87d4c36...
[DHT] Peer disconnected: 13f6ea05...
[DHT] Peer connected: e86ac219...
[DHT] Received announcement from 40964ecf...
[DHT] Peer connected: 997c916c...
[DHT] Received announcement from 40964ecf...
[DHT] Peer disconnected: e86ac219...
[DHT] Peer disconnected: 997c916c...
[DHT] Peer connected: 1d2aafa1...
[DHT] Received announcement from 40964ecf...
[DHT] Peer disconnected: 1d2aafa1...
[DHT] Peer connected: 5c988050...
[DHT] Received announcement from 40964ecf...
[DHT] Peer connected: c0f567c4...
[DHT] Received announcement from 40964ecf...
[DHT] Peer connected: f31177e4...
[DHT] Received announcement from 40964ecf...
[DHT] Peer disconnected: 5c988050...
[DHT] Peer disconnected: c0f567c4...
[DHT] Peer connected: 851ff029...
[DHT] Received announcement from 40964ecf...
[DHT] Peer disconnected: f31177e4...
[DHT] Peer connected: 3efa63c6...
[DHT] Received announcement from 40964ecf...
[DHT] Peer disconnected: 851ff029...
[DHT] Peer disconnected: 3efa63c6...
[DHT] Peer connected: cdd7f070...
[DHT] Received announcement from 40964ecf...
[DHT] Peer disconnected: cdd7f070...
[DHT] Peer connected: 9bc6187b...
[DHT] Received announcement from 40964ecf...
[DHT] Peer connected: b4b06925...
[DHT] Received announcement from 40964ecf...
[DHT] Peer disconnected: 9bc6187b...
[DHT] Peer disconnected: b4b06925...
[DHT] Peer connected: 3bedeb5b...
[DHT] Received announcement from 40964ecf...
[DHT] Peer disconnected: 3bedeb5b...
[DHT] Peer connected: 162e671f...
[DHT] Received announcement from 40964ecf...
[DHT] Peer connected: 4fa45e03...
[DHT] Received announcement from 40964ecf...
[DHT] Peer disconnected: 162e671f...
[DHT] Peer connected: 31234986...
[DHT] Received announcement from 40964ecf...
[DHT] Peer disconnected: 4fa45e03...
[DHT] Peer connected: c346d67f...
[DHT] Received announcement from 40964ecf...
[DHT] Peer disconnected: 31234986...
[DHT] Peer disconnected: c346d67f...
[DB] SQLite initialized
[Skills] Loaded 0 skill(s): none
[Sync] Registered with Reffo.ai
[Sync] Offer 9684dc49-2ef9-4c11-b6e8-9b17f6c3c46e references unknown ref 454607d7-4467-4010-bee4-e1d3948adabd, skipping
[DHT] Joined Pelagora network. Topic: 3d95ca7bce21e8c1...
[Beacon] Reffo Beacon running on http://localhost:3737
[Beacon] ID: 40964ecf-ed58-4e...
[Beacon] Endpoints:
         GET  /              - Web UI
         GET  /health        - Beacon status
         GET  /taxonomy      - Category taxonomy
         GET  /refs          - List refs
         POST /refs          - Create ref
         POST /refs/:id/media - Upload media
         GET  /offers        - List offers
         POST /offers        - Create offer
         GET  /negotiations  - List negotiations
         POST /negotiations  - Create proposal
         GET  /search?q=...  - Search peer network
[DB] SQLite initialized
[Skills] Loaded 0 skill(s): none
[Sync] Registered with Reffo.ai
[Sync] Offer 9684dc49-2ef9-4c11-b6e8-9b17f6c3c46e references unknown ref 454607d7-4467-4010-bee4-e1d3948adabd, skipping
[DHT] Joined Pelagora network. Topic: 3d95ca7bce21e8c1...
[Beacon] Reffo Beacon running on http://localhost:3737
[Beacon] ID: 40964ecf-ed58-4e...
[Beacon] Endpoints:
         GET  /              - Web UI
         GET  /health        - Beacon status
         GET  /taxonomy      - Category taxonomy
         GET  /refs          - List refs
         POST /refs          - Create ref
         POST /refs/:id/media - Upload media
         GET  /offers        - List offers
         POST /offers        - Create offer
         GET  /negotiations  - List negotiations
         POST /negotiations  - Create proposal
         GET  /search?q=...  - Search peer network
[DHT] Peer connected: b361981a...
[DHT] Received announcement from 40964ecf...
[DHT] Peer disconnected: b361981a...
[DHT] Peer connected: 48e95c44...
[DHT] Received announcement from 40964ecf...
[DHT] Peer disconnected: 48e95c44...
[DHT] Peer connected: d15e1306...
[DHT] Received announcement from 40964ecf...
[DHT] Peer disconnected: d15e1306...
[DB] SQLite initialized
[Skills] Loaded 0 skill(s): none
[Sync] Registered with Reffo.ai
[Sync] Offer 9684dc49-2ef9-4c11-b6e8-9b17f6c3c46e references unknown ref 454607d7-4467-4010-bee4-e1d3948adabd, skipping
[DHT] Joined Pelagora network. Topic: 3d95ca7bce21e8c1...
[Beacon] Reffo Beacon running on http://localhost:3737
[Beacon] ID: 40964ecf-ed58-4e...
[Beacon] Endpoints:
         GET  /              - Web UI
         GET  /health        - Beacon status
         GET  /taxonomy      - Category taxonomy
         GET  /refs          - List refs
         POST /refs          - Create ref
         POST /refs/:id/media - Upload media
         GET  /offers        - List offers
         POST /offers        - Create offer
         GET  /negotiations  - List negotiations
         POST /negotiations  - Create proposal
         GET  /search?q=...  - Search peer network
[DB] SQLite initialized
[Skills] Loaded 0 skill(s): none
[Sync] Registered with Reffo.ai
[Sync] Offer 9684dc49-2ef9-4c11-b6e8-9b17f6c3c46e references unknown ref 454607d7-4467-4010-bee4-e1d3948adabd, skipping
[DHT] Joined Pelagora network. Topic: 3d95ca7bce21e8c1...
[Beacon] Reffo Beacon running on http://localhost:3737
[Beacon] ID: 40964ecf-ed58-4e...
[Beacon] Endpoints:
         GET  /              - Web UI
         GET  /health        - Beacon status
         GET  /taxonomy      - Category taxonomy
         GET  /refs          - List refs
         POST /refs          - Create ref
         POST /refs/:id/media - Upload media
         GET  /offers        - List offers
         POST /offers        - Create offer
         GET  /negotiations  - List negotiations
         POST /negotiations  - Create proposal
         GET  /search?q=...  - Search peer network
[DHT] Peer connected: 0317c231...
[DHT] Received announcement from 40964ecf...
[DHT] Peer connected: ff19d510...
[DHT] Received announcement from 40964ecf...
[DHT] Peer disconnected: 0317c231...
[DHT] Peer disconnected: ff19d510...
[DHT] Peer connected: 1f5d20de...
[DHT] Received announcement from 40964ecf...
[DHT] Peer disconnected: 1f5d20de...
[DHT] Peer connected: 377ad113...
[DHT] Received announcement from 40964ecf...
[DHT] Peer disconnected: 377ad113...
[DHT] Peer connected: b6deff11...
[DHT] Received announcement from 40964ecf...
[DHT] Peer connected: 1974b709...
[DHT] Received announcement from 40964ecf...
[DHT] Peer disconnected: b6deff11...
[DHT] Peer disconnected: 1974b709...
[Sync] Offer d9893be8-83a7-41ce-b5ab-f66b14e235f8 references unknown ref 9ba589b9-66f2-4964-9aab-e33d9f00a38f, skipping
[DB] SQLite initialized
[Skills] Loaded 0 skill(s): none
[Sync] Registered with Reffo.ai
[DHT] Joined Pelagora network. Topic: 3d95ca7bce21e8c1...
[Beacon] Reffo Beacon running on http://localhost:3737
[Beacon] ID: 40964ecf-ed58-4e...
[Beacon] Endpoints:
         GET  /              - Web UI
         GET  /health        - Beacon status
         GET  /taxonomy      - Category taxonomy
         GET  /refs          - List refs
         POST /refs          - Create ref
         POST /refs/:id/media - Upload media
         GET  /offers        - List offers
         POST /offers        - Create offer
         GET  /negotiations  - List negotiations
         POST /negotiations  - Create proposal
         GET  /search?q=...  - Search peer network
[Sync] Offer d9893be8-83a7-41ce-b5ab-f66b14e235f8 references unknown ref 9ba589b9-66f2-4964-9aab-e33d9f00a38f, skipping
[Sync] Offer 9684dc49-2ef9-4c11-b6e8-9b17f6c3c46e references unknown ref 454607d7-4467-4010-bee4-e1d3948adabd, skipping
[DHT] Peer connected: 453e4e14...
[DHT] Received announcement from 40964ecf...
[DHT] Peer disconnected: 453e4e14...
[DB] SQLite initialized
[Skills] Loaded 0 skill(s): none
[Sync] Registered with Reffo.ai
[Sync] Offer d9893be8-83a7-41ce-b5ab-f66b14e235f8 references unknown ref 9ba589b9-66f2-4964-9aab-e33d9f00a38f, skipping
[Sync] Offer 9684dc49-2ef9-4c11-b6e8-9b17f6c3c46e references unknown ref 454607d7-4467-4010-bee4-e1d3948adabd, skipping
[DHT] Joined Pelagora network. Topic: 3d95ca7bce21e8c1...
[Beacon] Reffo Beacon running on http://localhost:3737
[Beacon] ID: 40964ecf-ed58-4e...
[Beacon] Endpoints:
         GET  /              - Web UI
         GET  /health        - Beacon status
         GET  /taxonomy      - Category taxonomy
         GET  /refs          - List refs
         POST /refs          - Create ref
         POST /refs/:id/media - Upload media
         GET  /offers        - List offers
         POST /offers        - Create offer
         GET  /negotiations  - List negotiations
         POST /negotiations  - Create proposal
         GET  /search?q=...  - Search peer network
[DHT] Peer connected: f43807df...
[DHT] Received announcement from 40964ecf...
[DHT] Peer disconnected: f43807df...
[DHT] Peer connected: 85ba2d0c...
[DHT] Received announcement from 40964ecf...
[DHT] Peer connected: 85254f78...
[DHT] Received announcement from 40964ecf...
[DHT] Peer connected: c6b995aa...
[DHT] Received announcement from 40964ecf...
[DHT] Peer disconnected: 85ba2d0c...
[DHT] Peer disconnected: 85254f78...
[DHT] Peer disconnected: c6b995aa...
[DHT] Peer connected: 1fd3b023...
[DHT] Received announcement from 40964ecf...
[DHT] Peer disconnected: 1fd3b023...
[DHT] Peer connected: e12699d2...
[DHT] Received announcement from 40964ecf...
[DHT] Peer disconnected: e12699d2...
[DHT] Peer connected: 956b0fe2...
[DHT] Received announcement from 40964ecf...
[DHT] Peer disconnected: 956b0fe2...
[DHT] Peer connected: 3b91697b...
[DHT] Received announcement from 40964ecf...
[DHT] Peer connected: 2f18a111...
[DHT] Received announcement from 40964ecf...
[DHT] Peer disconnected: 3b91697b...
[DHT] Peer connected: dc91ce37...
[DHT] Received announcement from 40964ecf...
[DHT] Peer disconnected: 2f18a111...
[DHT] Peer disconnected: dc91ce37...
[DHT] Peer connected: 6dd677b0...
[DHT] Received announcement from 40964ecf...
[DHT] Peer disconnected: 6dd677b0...
[DB] SQLite initialized
[Skills] Loaded 0 skill(s): none
[Sync] Registered with Reffo.ai
[Sync] Offer d9893be8-83a7-41ce-b5ab-f66b14e235f8 references unknown ref 9ba589b9-66f2-4964-9aab-e33d9f00a38f, skipping
[Sync] Offer 9684dc49-2ef9-4c11-b6e8-9b17f6c3c46e references unknown ref 454607d7-4467-4010-bee4-e1d3948adabd, skipping
[DHT] Joined Pelagora network. Topic: 3d95ca7bce21e8c1...
[Beacon] Reffo Beacon running on http://localhost:3737
[Beacon] ID: 40964ecf-ed58-4e...
[Beacon] Endpoints:
         GET  /              - Web UI
         GET  /health        - Beacon status
         GET  /taxonomy      - Category taxonomy
         GET  /refs          - List refs
         POST /refs          - Create ref
         POST /refs/:id/media - Upload media
         GET  /offers        - List offers
         POST /offers        - Create offer
         GET  /negotiations  - List negotiations
         POST /negotiations  - Create proposal
         GET  /search?q=...  - Search peer network
[DB] SQLite initialized
[Skills] Loaded 0 skill(s): none
[Sync] Registered with Reffo.ai
[Sync] Offer d9893be8-83a7-41ce-b5ab-f66b14e235f8 references unknown ref 9ba589b9-66f2-4964-9aab-e33d9f00a38f, skipping
[Sync] Offer 9684dc49-2ef9-4c11-b6e8-9b17f6c3c46e references unknown ref 454607d7-4467-4010-bee4-e1d3948adabd, skipping
[DHT] Joined Pelagora network. Topic: 3d95ca7bce21e8c1...
[Beacon] Reffo Beacon running on http://localhost:3737
[Beacon] ID: 40964ecf-ed58-4e...
[Beacon] Endpoints:
         GET  /              - Web UI
         GET  /health        - Beacon status
         GET  /taxonomy      - Category taxonomy
         GET  /refs          - List refs
         POST /refs          - Create ref
         POST /refs/:id/media - Upload media
         GET  /offers        - List offers
         POST /offers        - Create offer
         GET  /negotiations  - List negotiations
         POST /negotiations  - Create proposal
         GET  /search?q=...  - Search peer network
[DHT] Peer connected: be404f79...
[DHT] Received announcement from 40964ecf...
[DHT] Peer disconnected: be404f79...
[DHT] Peer connected: c259a0e2...
[DHT] Received announcement from 40964ecf...
[DHT] Peer disconnected: c259a0e2...
[DB] SQLite initialized
[Skills] Loaded 0 skill(s): none
[Sync] Registered with Reffo.ai
[Sync] Offer d9893be8-83a7-41ce-b5ab-f66b14e235f8 references unknown ref 9ba589b9-66f2-4964-9aab-e33d9f00a38f, skipping
[Sync] Offer 9684dc49-2ef9-4c11-b6e8-9b17f6c3c46e references unknown ref 454607d7-4467-4010-bee4-e1d3948adabd, skipping
[DHT] Joined Pelagora network. Topic: 3d95ca7bce21e8c1...
[Beacon] Reffo Beacon running on http://localhost:3737
[Beacon] ID: 40964ecf-ed58-4e...
[Beacon] Endpoints:
         GET  /              - Web UI
         GET  /health        - Beacon status
         GET  /taxonomy      - Category taxonomy
         GET  /refs          - List refs
         POST /refs          - Create ref
         POST /refs/:id/media - Upload media
         GET  /offers        - List offers
         POST /offers        - Create offer
         GET  /negotiations  - List negotiations
         POST /negotiations  - Create proposal
         GET  /search?q=...  - Search peer network
[DHT] Peer connected: 7601bc76...
[DHT] Received announcement from 40964ecf...
[DHT] Peer connected: 56a1b638...
[DHT] Received announcement from 40964ecf...
[DHT] Peer disconnected: 7601bc76...
[DHT] Peer disconnected: 56a1b638...
[DB] SQLite initialized
[Skills] Loaded 0 skill(s): none
[Sync] Registered with Reffo.ai
[Sync] Offer d9893be8-83a7-41ce-b5ab-f66b14e235f8 references unknown ref 9ba589b9-66f2-4964-9aab-e33d9f00a38f, skipping
[Sync] Offer 9684dc49-2ef9-4c11-b6e8-9b17f6c3c46e references unknown ref 454607d7-4467-4010-bee4-e1d3948adabd, skipping
[DHT] Joined Pelagora network. Topic: 3d95ca7bce21e8c1...
[Beacon] Reffo Beacon running on http://localhost:3737
[Beacon] ID: 40964ecf-ed58-4e...
[Beacon] Endpoints:
         GET  /              - Web UI
         GET  /health        - Beacon status
         GET  /taxonomy      - Category taxonomy
         GET  /refs          - List refs
         POST /refs          - Create ref
         POST /refs/:id/media - Upload media
         GET  /offers        - List offers
         POST /offers        - Create offer
         GET  /negotiations  - List negotiations
         POST /negotiations  - Create proposal
         GET  /search?q=...  - Search peer network
[DHT] Peer connected: 673b20e4...
[DHT] Received announcement from 40964ecf...
[DHT] Peer disconnected: 673b20e4...
[DHT] Peer connected: 05bebd4c...
[DHT] Received announcement from 40964ecf...
[DHT] Peer disconnected: 05bebd4c...
[DHT] Peer connected: 6fbea7de...
[DHT] Received announcement from 40964ecf...
[DHT] Peer disconnected: 6fbea7de...
[DB] SQLite initialized
[Skills] Loaded 0 skill(s): none
[Sync] Registered with Reffo.ai
[Sync] Offer d9893be8-83a7-41ce-b5ab-f66b14e235f8 references unknown ref 9ba589b9-66f2-4964-9aab-e33d9f00a38f, skipping
[Sync] Offer 9684dc49-2ef9-4c11-b6e8-9b17f6c3c46e references unknown ref 454607d7-4467-4010-bee4-e1d3948adabd, skipping
[DHT] Joined Pelagora network. Topic: 3d95ca7bce21e8c1...
[Beacon] Reffo Beacon running on http://localhost:3737
[Beacon] ID: 40964ecf-ed58-4e...
[Beacon] Endpoints:
         GET  /              - Web UI
         GET  /health        - Beacon status
         GET  /taxonomy      - Category taxonomy
         GET  /refs          - List refs
         POST /refs          - Create ref
         POST /refs/:id/media - Upload media
         GET  /offers        - List offers
         POST /offers        - Create offer
         GET  /negotiations  - List negotiations
         POST /negotiations  - Create proposal
         GET  /search?q=...  - Search peer network
[Sync] Media push failed for 7765b37f-8435-499e-b049-5b35d2b04c82: Failed to create media record
[Sync] Media push failed for 69d00c02-6ed7-4791-8b77-7b92633d8731: Ref not found or does not belong to user
[Sync] Media push failed for 7765b37f-8435-499e-b049-5b35d2b04c82: Failed to create media record
[Sync] Media push failed for 69d00c02-6ed7-4791-8b77-7b92633d8731: Ref not found or does not belong to user
[DHT] Peer connected: 18f68a65...
[DHT] Received announcement from 40964ecf...
[DHT] Peer connected: 953abe4d...
[DHT] Received announcement from 40964ecf...
[DHT] Peer disconnected: 18f68a65...
[DHT] Peer disconnected: 953abe4d...
[DHT] Peer connected: 655ff17f...
[DHT] Received announcement from 40964ecf...
[DHT] Peer disconnected: 655ff17f...
[DB] SQLite initialized
[Skills] Loaded 0 skill(s): none
[Sync] Registered with Reffo.ai
[Sync] Offer d9893be8-83a7-41ce-b5ab-f66b14e235f8 references unknown ref 9ba589b9-66f2-4964-9aab-e33d9f00a38f, skipping
[Sync] Offer 9684dc49-2ef9-4c11-b6e8-9b17f6c3c46e references unknown ref 454607d7-4467-4010-bee4-e1d3948adabd, skipping
[DHT] Joined Pelagora network. Topic: 3d95ca7bce21e8c1...
[Beacon] Reffo Beacon running on http://localhost:3737
[Beacon] ID: 40964ecf-ed58-4e...
[Beacon] Endpoints:
         GET  /              - Web UI
         GET  /health        - Beacon status
         GET  /taxonomy      - Category taxonomy
         GET  /refs          - List refs
         POST /refs          - Create ref
         POST /refs/:id/media - Upload media
         GET  /offers        - List offers
         POST /offers        - Create offer
         GET  /negotiations  - List negotiations
         POST /negotiations  - Create proposal
         GET  /search?q=...  - Search peer network
[Sync] Received offer 5b390ab4-f8ca-4346-8f7e-6442a82c6d92 for ref "Stack of games"
[Sync] Received 1 new offer(s)
[DHT] Peer connected: f8dd0b3a...
[DHT] Received announcement from 40964ecf...
[DHT] Peer disconnected: f8dd0b3a...
[DHT] Peer connected: 99c235e7...
[DHT] Received announcement from 40964ecf...
[DHT] Peer connected: 6f2b2ad9...
[DHT] Received announcement from 40964ecf...
[DHT] Peer disconnected: 99c235e7...
[DHT] Peer disconnected: 6f2b2ad9...
[DB] SQLite initialized
[Skills] Loaded 0 skill(s): none
[Sync] Registered with Reffo.ai
[Sync] Offer d9893be8-83a7-41ce-b5ab-f66b14e235f8 references unknown ref 9ba589b9-66f2-4964-9aab-e33d9f00a38f, skipping
[Sync] Offer 9684dc49-2ef9-4c11-b6e8-9b17f6c3c46e references unknown ref 454607d7-4467-4010-bee4-e1d3948adabd, skipping
[DHT] Joined Pelagora network. Topic: 3d95ca7bce21e8c1...
[Beacon] Reffo Beacon running on http://localhost:3737
[Beacon] ID: 40964ecf-ed58-4e...
[Beacon] Endpoints:
         GET  /              - Web UI
         GET  /health        - Beacon status
         GET  /taxonomy      - Category taxonomy
         GET  /refs          - List refs
         POST /refs          - Create ref
         POST /refs/:id/media - Upload media
         GET  /offers        - List offers
         POST /offers        - Create offer
         GET  /negotiations  - List negotiations
         POST /negotiations  - Create proposal
         GET  /search?q=...  - Search peer network
[Sync] Pushed offer response for 5b390ab4-f8ca-4346-8f7e-6442a82c6d92: countered
[DHT] Peer connected: 74fc7ae6...
[DHT] Received announcement from 40964ecf...
[DHT] Peer connected: 0d208de7...
[DHT] Received announcement from 40964ecf...
[DHT] Peer connected: ef3aa2ce...
[DHT] Received announcement from 40964ecf...
[DHT] Peer disconnected: 74fc7ae6...
[DHT] Peer disconnected: 0d208de7...
[DHT] Peer disconnected: ef3aa2ce...
[DHT] Peer connected: ec5d4e62...
[DHT] Received announcement from 40964ecf...
[DHT] Peer connected: 2e2986a8...
[DHT] Received announcement from 40964ecf...
[DHT] Peer disconnected: ec5d4e62...
[DHT] Peer disconnected: 2e2986a8...
[DHT] Peer connected: 60c3dc8c...
[DHT] Received announcement from 40964ecf...
[DHT] Peer disconnected: 60c3dc8c...
[DHT] Peer connected: 0be76ef1...
[DHT] Received announcement from 40964ecf...
[DHT] Peer disconnected: 0be76ef1...
[DB] SQLite initialized
[Skills] Loaded 0 skill(s): none
[Sync] Registered with Reffo.ai
[Sync] Pulled 0 new ref(s), updated 59 ref(s) from Reffo.ai
[DHT] Joined Pelagora network. Topic: 3d95ca7bce21e8c1...
[Beacon] Reffo Beacon running on http://localhost:3737
[Beacon] ID: 40964ecf-ed58-4e...
[Beacon] Endpoints:
         GET  /              - Web UI
         GET  /health        - Beacon status
         GET  /taxonomy      - Category taxonomy
         GET  /refs          - List refs
         POST /refs          - Create ref
         POST /refs/:id/media - Upload media
         GET  /offers        - List offers
         POST /offers        - Create offer
         GET  /negotiations  - List negotiations
         POST /negotiations  - Create proposal
         GET  /search?q=...  - Search peer network
[DHT] Peer connected: f80f9ba2...
[DHT] Received announcement from 40964ecf...
[DHT] Peer disconnected: f80f9ba2...
[DHT] Peer connected: e377726b...
[DHT] Received announcement from 40964ecf...
[DHT] Peer connected: 7e3fefda...
[DHT] Received announcement from 40964ecf...
[DHT] Peer disconnected: e377726b...
[DHT] Peer disconnected: 7e3fefda...
[DHT] Peer connected: bba7973b...
[DHT] Received announcement from 40964ecf...
[DHT] Peer connected: 35fe90d1...
[DHT] Received announcement from 40964ecf...
[DHT] Peer disconnected: bba7973b...
[DHT] Peer connected: 1939151c...
[DHT] Received announcement from 40964ecf...
[DHT] Peer disconnected: 35fe90d1...
[DHT] Peer disconnected: 1939151c...
[DHT] Peer connected: 58e5d5f2...
[DHT] Received announcement from 40964ecf...
[DHT] Peer disconnected: 58e5d5f2...
[DHT] Peer connected: 48881325...
[DHT] Received announcement from 40964ecf...
[DHT] Peer disconnected: 48881325...
[DB] SQLite initialized
[Skills] Loaded 0 skill(s): none
[Sync] Registered with Reffo.ai
[Sync] Pulled 0 new ref(s), updated 58 ref(s) from Reffo.ai
[DHT] Joined Pelagora network. Topic: 3d95ca7bce21e8c1...
[Beacon] Reffo Beacon running on http://localhost:3737
[Beacon] ID: 40964ecf-ed58-4e...
[Beacon] Endpoints:
         GET  /              - Web UI
         GET  /health        - Beacon status
         GET  /taxonomy      - Category taxonomy
         GET  /refs          - List refs
         POST /refs          - Create ref
         POST /refs/:id/media - Upload media
         GET  /offers        - List offers
         POST /offers        - Create offer
         GET  /negotiations  - List negotiations
         POST /negotiations  - Create proposal
         GET  /search?q=...  - Search peer network
[Sync] Pulled 1 new ref(s), updated 0 ref(s) from Reffo.ai
[Sync] Received offer 877ba4fa-6bb7-4ffd-a8c8-20455570c9f1 for ref "Stream Deck 2024"
[Sync] Received 1 new offer(s)
[Sync] Received offer 8b01e2b3-02ae-4f7c-9588-a7d88491e362 for ref "Stream Deck 2024"
[Sync] Received 1 new offer(s)
[Sync] Pushed offer response for 8b01e2b3-02ae-4f7c-9588-a7d88491e362: countered
[DHT] Peer connected: e287e591...
[DHT] Received announcement from 40964ecf...
[DHT] Peer disconnected: e287e591...
[DHT] Peer connected: af4c7fcb...
[DHT] Received announcement from 40964ecf...
[DHT] Peer connected: 8ebfbcc8...
[DHT] Received announcement from 40964ecf...
[DHT] Peer disconnected: af4c7fcb...
[DHT] Peer disconnected: 8ebfbcc8...
[DHT] Peer connected: 86a753bb...
[DHT] Received announcement from 40964ecf...
[DHT] Peer disconnected: 86a753bb...
[DHT] Peer connected: 874d0129...
[DHT] Received announcement from 40964ecf...
[DHT] Peer disconnected: 874d0129...
[DB] SQLite initialized
[Skills] Loaded 0 skill(s): none
[Sync] Registered with Reffo.ai
[Sync] Pulled 0 new ref(s), updated 58 ref(s) from Reffo.ai
[DHT] Joined Pelagora network. Topic: 3d95ca7bce21e8c1...
[Beacon] Reffo Beacon running on http://localhost:3737
[Beacon] ID: 40964ecf-ed58-4e...
[Beacon] Endpoints:
         GET  /              - Web UI
         GET  /health        - Beacon status
         GET  /taxonomy      - Category taxonomy
         GET  /refs          - List refs
         POST /refs          - Create ref
         POST /refs/:id/media - Upload media
         GET  /offers        - List offers
         POST /offers        - Create offer
         GET  /negotiations  - List negotiations
         POST /negotiations  - Create proposal
         GET  /search?q=...  - Search peer network
[DHT] Peer connected: 48b767c0...
[DHT] Received announcement from 40964ecf...
[DHT] Peer connected: b95fe4ec...
[DHT] Received announcement from 40964ecf...
[DHT] Peer connected: e5be43dd...
[DHT] Received announcement from 40964ecf...
[DHT] Peer disconnected: 48b767c0...
[DHT] Peer disconnected: b95fe4ec...
[DHT] Peer disconnected: e5be43dd...
[DHT] Peer connected: ef06453b...
[DHT] Received announcement from 40964ecf...
[DHT] Peer disconnected: ef06453b...
[DB] SQLite initialized
[Skills] Loaded 0 skill(s): none
[Sync] Registered with Reffo.ai
[Sync] Pulled 0 new ref(s), updated 58 ref(s) from Reffo.ai
[DHT] Joined Pelagora network. Topic: 3d95ca7bce21e8c1...
[Beacon] Reffo Beacon running on http://localhost:3737
[Beacon] ID: 40964ecf-ed58-4e...
[Beacon] Endpoints:
         GET  /              - Web UI
         GET  /health        - Beacon status
         GET  /taxonomy      - Category taxonomy
         GET  /refs          - List refs
         POST /refs          - Create ref
         POST /refs/:id/media - Upload media
         GET  /offers        - List offers
         POST /offers        - Create offer
         GET  /negotiations  - List negotiations
         POST /negotiations  - Create proposal
         GET  /search?q=...  - Search peer network
[DHT] Peer connected: 5458bb21...
[DHT] Received announcement from fuzz_moc...
[DHT] Peer disconnected: 5458bb21...
[DHT] Peer connected: 2d065e8b...
[DHT] Received announcement from 49780c61...
[DHT] Peer connected: 8a70bb58...
[DHT] Received announcement from 351a567d...
[DHT] Peer disconnected: 8a70bb58...
[DHT] Peer disconnected: 2d065e8b...
[API] Error: ENOENT: no such file or directory, stat '/Users/dougkinnison/apps/reffo/reffo-beacon/header-brand.png'
[API] Error: ENOENT: no such file or directory, stat '/Users/dougkinnison/apps/reffo/reffo-beacon/footer-brand.png'
[API] Error: ENOENT: no such file or directory, stat '/Users/dougkinnison/apps/reffo/reffo-beacon/favicon.ico'
[API] Error: ENOENT: no such file or directory, stat '/Users/dougkinnison/apps/reffo/reffo-beacon/header-brand.png'
[API] Error: ENOENT: no such file or directory, stat '/Users/dougkinnison/apps/reffo/reffo-beacon/footer-brand.png'
[API] Error: ENOENT: no such file or directory, stat '/Users/dougkinnison/apps/reffo/reffo-beacon/favicon.ico'
[API] Error: ENOENT: no such file or directory, stat '/Users/dougkinnison/apps/reffo/reffo-beacon/header-brand.png'
[API] Error: ENOENT: no such file or directory, stat '/Users/dougkinnison/apps/reffo/reffo-beacon/footer-brand.png'
